{"D:\\Learning-Nodejs\\anime-search\\src\\index.ts": {"path":"D:\\Learning-Nodejs\\anime-search\\src\\index.ts","statementMap":{"0":{"start":{"line":2,"column":0},"end":{"line":2,"column":31}},"1":{"start":{"line":3,"column":0},"end":{"line":3,"column":45}},"2":{"start":{"line":4,"column":0},"end":{"line":4,"column":31}},"3":{"start":{"line":34,"column":15},"end":{"line":34,"column":78}},"4":{"start":{"line":35,"column":15},"end":{"line":35,"column":94}},"5":{"start":{"line":35,"column":83},"end":{"line":35,"column":93}},"6":{"start":{"line":36,"column":12},"end":{"line":36,"column":22}},"7":{"start":{"line":37,"column":23},"end":{"line":37,"column":25}},"8":{"start":{"line":39,"column":2},"end":{"line":61,"column":7}},"9":{"start":{"line":42,"column":6},"end":{"line":60,"column":11}},"10":{"start":{"line":47,"column":10},"end":{"line":51,"column":null}},"11":{"start":{"line":48,"column":12},"end":{"line":50,"column":null}},"12":{"start":{"line":49,"column":14},"end":{"line":49,"column":55}},"13":{"start":{"line":53,"column":10},"end":{"line":59,"column":13}},"14":{"start":{"line":63,"column":20},"end":{"line":63,"column":56}},"15":{"start":{"line":63,"column":43},"end":{"line":63,"column":55}},"16":{"start":{"line":64,"column":18},"end":{"line":64,"column":47}},"17":{"start":{"line":65,"column":12},"end":{"line":65,"column":80}},"18":{"start":{"line":65,"column":36},"end":{"line":65,"column":78}},"19":{"start":{"line":66,"column":21},"end":{"line":66,"column":41}},"20":{"start":{"line":66,"column":38},"end":{"line":66,"column":40}},"21":{"start":{"line":67,"column":2},"end":{"line":67,"column":102}},"22":{"start":{"line":86,"column":9},"end":{"line":86,"column":25}},"23":{"start":{"line":82,"column":2},"end":{"line":82,"column":97}},"24":{"start":{"line":85,"column":0},"end":{"line":85,"column":27}}},"fnMap":{"0":{"name":"getAnimeFromZoro","decl":{"start":{"line":33,"column":15},"end":{"line":33,"column":31}},"loc":{"start":{"line":33,"column":51},"end":{"line":68,"column":null}}},"1":{"name":"(anonymous_9)","decl":{"start":{"line":35,"column":74},"end":{"line":35,"column":75}},"loc":{"start":{"line":35,"column":83},"end":{"line":35,"column":93}}},"2":{"name":"(anonymous_10)","decl":{"start":{"line":41,"column":10},"end":{"line":41,"column":11}},"loc":{"start":{"line":41,"column":27},"end":{"line":61,"column":5}}},"3":{"name":"(anonymous_11)","decl":{"start":{"line":44,"column":14},"end":{"line":44,"column":15}},"loc":{"start":{"line":44,"column":33},"end":{"line":60,"column":9}}},"4":{"name":"(anonymous_12)","decl":{"start":{"line":63,"column":30},"end":{"line":63,"column":31}},"loc":{"start":{"line":63,"column":43},"end":{"line":63,"column":55}}},"5":{"name":"(anonymous_13)","decl":{"start":{"line":65,"column":22},"end":{"line":65,"column":23}},"loc":{"start":{"line":65,"column":36},"end":{"line":65,"column":78}}},"6":{"name":"(anonymous_14)","decl":{"start":{"line":66,"column":30},"end":{"line":66,"column":31}},"loc":{"start":{"line":66,"column":38},"end":{"line":66,"column":40}}},"7":{"name":"animeSearch","decl":{"start":{"line":81,"column":15},"end":{"line":81,"column":26}},"loc":{"start":{"line":81,"column":46},"end":{"line":83,"column":null}}}},"branchMap":{"0":{"loc":{"start":{"line":34,"column":15},"end":{"line":34,"column":78}},"type":"cond-expr","locations":[{"start":{"line":34,"column":49},"end":{"line":34,"column":66}},{"start":{"line":34,"column":69},"end":{"line":34,"column":78}}]},"1":{"loc":{"start":{"line":48,"column":12},"end":{"line":50,"column":null}},"type":"if","locations":[{"start":{"line":48,"column":12},"end":{"line":50,"column":null}}]},"2":{"loc":{"start":{"line":48,"column":16},"end":{"line":48,"column":60}},"type":"binary-expr","locations":[{"start":{"line":48,"column":16},"end":{"line":48,"column":36}},{"start":{"line":48,"column":40},"end":{"line":48,"column":60}}]},"3":{"loc":{"start":{"line":65,"column":36},"end":{"line":65,"column":78}},"type":"cond-expr","locations":[{"start":{"line":65,"column":63},"end":{"line":65,"column":70}},{"start":{"line":65,"column":73},"end":{"line":65,"column":78}}]},"4":{"loc":{"start":{"line":67,"column":9},"end":{"line":67,"column":101}},"type":"cond-expr","locations":[{"start":{"line":67,"column":26},"end":{"line":67,"column":85}},{"start":{"line":67,"column":88},"end":{"line":67,"column":101}}]},"5":{"loc":{"start":{"line":82,"column":32},"end":{"line":82,"column":95}},"type":"cond-expr","locations":[{"start":{"line":82,"column":66},"end":{"line":82,"column":83}},{"start":{"line":82,"column":86},"end":{"line":82,"column":95}}]}},"s":{"0":1,"1":1,"2":1,"3":14,"4":14,"5":14,"6":14,"7":14,"8":14,"9":305,"10":610,"11":3160,"12":305,"13":610,"14":14,"15":610,"16":14,"17":14,"18":610,"19":14,"20":610,"21":14,"22":1,"23":7,"24":1},"f":{"0":14,"1":14,"2":305,"3":610,"4":610,"5":610,"6":610,"7":7},"b":{"0":[4,10],"1":[305],"2":[3160,1580],"3":[20,590],"4":[4,10],"5":[3,4]}}
}
