TN:
SF:src\index.ts
FN:32,getAnimeFromZoro
FN:34,(anonymous_9)
FN:40,(anonymous_10)
FN:43,(anonymous_11)
FN:62,(anonymous_12)
FN:64,(anonymous_13)
FN:65,(anonymous_14)
FN:117,animeSearch
FNF:8
FNH:8
FNDA:14,getAnimeFromZoro
FNDA:14,(anonymous_9)
FNDA:305,(anonymous_10)
FNDA:610,(anonymous_11)
FNDA:610,(anonymous_12)
FNDA:610,(anonymous_13)
FNDA:610,(anonymous_14)
FNDA:7,animeSearch
DA:2,1
DA:3,1
DA:4,1
DA:33,14
DA:34,14
DA:35,14
DA:36,14
DA:38,14
DA:41,305
DA:46,610
DA:47,3160
DA:48,305
DA:52,610
DA:62,610
DA:63,14
DA:64,610
DA:65,610
DA:66,14
DA:118,7
DA:121,1
DA:122,1
LF:21
LH:21
BRDA:33,0,0,0
BRDA:33,0,1,14
BRDA:47,1,0,305
BRDA:47,2,0,3160
BRDA:47,2,1,1580
BRDA:64,3,0,20
BRDA:64,3,1,590
BRDA:66,4,0,4
BRDA:66,4,1,10
BRDA:118,5,0,0
BRDA:118,5,1,7
BRF:11
BRH:9
end_of_record
