TN:
SF:src\index.ts
FN:33,getAnimeFromZoro
FN:35,(anonymous_9)
FN:41,(anonymous_10)
FN:44,(anonymous_11)
FN:63,(anonymous_12)
FN:65,(anonymous_13)
FN:66,(anonymous_14)
FN:81,animeSearch
FNF:8
FNH:8
FNDA:14,getAnimeFromZoro
FNDA:14,(anonymous_9)
FNDA:305,(anonymous_10)
FNDA:610,(anonymous_11)
FNDA:610,(anonymous_12)
FNDA:610,(anonymous_13)
FNDA:610,(anonymous_14)
FNDA:7,animeSearch
DA:2,1
DA:3,1
DA:4,1
DA:34,14
DA:35,14
DA:36,14
DA:37,14
DA:39,14
DA:42,305
DA:47,610
DA:48,3160
DA:49,305
DA:53,610
DA:63,610
DA:64,14
DA:65,610
DA:66,610
DA:67,14
DA:82,7
DA:85,1
DA:86,1
LF:21
LH:21
BRDA:34,0,0,4
BRDA:34,0,1,10
BRDA:48,1,0,305
BRDA:48,2,0,3160
BRDA:48,2,1,1580
BRDA:65,3,0,20
BRDA:65,3,1,590
BRDA:67,4,0,4
BRDA:67,4,1,10
BRDA:82,5,0,3
BRDA:82,5,1,4
BRF:11
BRH:11
end_of_record
